This file contains any messages produced by compilers while
running configure, to aid debugging if configure makes a mistake.

It was created by Xdelta3 configure 3.1.0, which was
generated by GNU Autoconf 2.71.  Invocation command line was

  $ ./configure --no-create --no-recursion

## --------- ##
## Platform. ##
## --------- ##

hostname = mathildada
uname -m = x86_64
uname -r = 5.14.0-1054-oem
uname -s = Linux
uname -v = #61-Ubuntu SMP Fri Oct 14 13:05:50 UTC 2022

/usr/bin/uname -p = x86_64
/bin/uname -X     = unknown

/bin/arch              = x86_64
/usr/bin/arch -k       = unknown
/usr/convex/getsysinfo = unknown
/usr/bin/hostinfo      = unknown
/bin/machine           = unknown
/usr/bin/oslevel       = unknown
/bin/universe          = unknown

PATH: /usr/local/go/bin/
PATH: /home/jbw/.cargo/bin/
PATH: /home/jbw/.local/bin/
PATH: /usr/lib/spark/bin/
PATH: /usr/lib/scala/bin/
PATH: /opt/gradle/gradle-3.0/bin/
PATH: /usr/local/sbin/
PATH: /usr/local/bin/
PATH: /usr/sbin/
PATH: /usr/bin/
PATH: /sbin/
PATH: /bin/
PATH: /usr/games/
PATH: /usr/local/games/
PATH: /snap/bin/
PATH: /home/jbw/practice/go/


## ----------- ##
## Core tests. ##
## ----------- ##

configure:2946: looking for aux files: missing install-sh compile config.guess config.sub ltmain.sh
configure:2959:  trying ./
configure:2988:   ./missing found
configure:2970:   ./install-sh found
configure:2988:   ./compile found
configure:2988:   ./config.guess found
configure:2988:   ./config.sub found
configure:2988:   ./ltmain.sh found
configure:3135: checking build system type
configure:3150: result: x86_64-pc-linux-gnu
configure:3170: checking host system type
configure:3184: result: x86_64-pc-linux-gnu
configure:3225: checking how to print strings
configure:3252: result: printf
configure:3338: checking for gcc
configure:3359: found /usr/bin/gcc
configure:3370: result: gcc
configure:3723: checking for C compiler version
configure:3732: gcc --version >&5
gcc (Ubuntu 11.3.0-1ubuntu1~22.04) 11.3.0
Copyright (C) 2021 Free Software Foundation, Inc.
This is free software; see the source for copying conditions.  There is NO
warranty; not even for MERCHANTABILITY or FITNESS FOR A PARTICULAR PURPOSE.

configure:3743: $? = 0
configure:3732: gcc -v >&5
Using built-in specs.
COLLECT_GCC=gcc
COLLECT_LTO_WRAPPER=/usr/lib/gcc/x86_64-linux-gnu/11/lto-wrapper
OFFLOAD_TARGET_NAMES=nvptx-none:amdgcn-amdhsa
OFFLOAD_TARGET_DEFAULT=1
Target: x86_64-linux-gnu
Configured with: ../src/configure -v --with-pkgversion='Ubuntu 11.3.0-1ubuntu1~22.04' --with-bugurl=file:///usr/share/doc/gcc-11/README.Bugs --enable-languages=c,ada,c++,go,brig,d,fortran,objc,obj-c++,m2 --prefix=/usr --with-gcc-major-version-only --program-suffix=-11 --program-prefix=x86_64-linux-gnu- --enable-shared --enable-linker-build-id --libexecdir=/usr/lib --without-included-gettext --enable-threads=posix --libdir=/usr/lib --enable-nls --enable-bootstrap --enable-clocale=gnu --enable-libstdcxx-debug --enable-libstdcxx-time=yes --with-default-libstdcxx-abi=new --enable-gnu-unique-object --disable-vtable-verify --enable-plugin --enable-default-pie --with-system-zlib --enable-libphobos-checking=release --with-target-system-zlib=auto --enable-objc-gc=auto --enable-multiarch --disable-werror --enable-cet --with-arch-32=i686 --with-abi=m64 --with-multilib-list=m32,m64,mx32 --enable-multilib --with-tune=generic --enable-offload-targets=nvptx-none=/build/gcc-11-xKiWfi/gcc-11-11.3.0/debian/tmp-nvptx/usr,amdgcn-amdhsa=/build/gcc-11-xKiWfi/gcc-11-11.3.0/debian/tmp-gcn/usr --without-cuda-driver --enable-checking=release --build=x86_64-linux-gnu --host=x86_64-linux-gnu --target=x86_64-linux-gnu --with-build-config=bootstrap-lto-lean --enable-link-serialization=2
Thread model: posix
Supported LTO compression algorithms: zlib zstd
gcc version 11.3.0 (Ubuntu 11.3.0-1ubuntu1~22.04) 
... rest of stderr output deleted ...
configure:3743: $? = 0
configure:3732: gcc -V >&5
gcc: error: unrecognized command-line option '-V'
gcc: fatal error: no input files
compilation terminated.
configure:3743: $? = 1
configure:3732: gcc -qversion >&5
gcc: error: unrecognized command-line option '-qversion'; did you mean '--version'?
gcc: fatal error: no input files
compilation terminated.
configure:3743: $? = 1
configure:3732: gcc -version >&5
gcc: error: unrecognized command-line option '-version'
gcc: fatal error: no input files
compilation terminated.
configure:3743: $? = 1
configure:3763: checking whether the C compiler works
configure:3785: gcc    conftest.c  >&5
configure:3789: $? = 0
configure:3839: result: yes
configure:3842: checking for C compiler default output file name
configure:3844: result: a.out
configure:3850: checking for suffix of executables
configure:3857: gcc -o conftest    conftest.c  >&5
configure:3861: $? = 0
configure:3884: result: 
configure:3906: checking whether we are cross compiling
configure:3914: gcc -o conftest    conftest.c  >&5
configure:3918: $? = 0
configure:3925: ./conftest
configure:3929: $? = 0
configure:3944: result: no
configure:3949: checking for suffix of object files
configure:3972: gcc -c   conftest.c >&5
configure:3976: $? = 0
configure:3998: result: o
configure:4002: checking whether the compiler supports GNU C
configure:4022: gcc -c   conftest.c >&5
configure:4022: $? = 0
configure:4032: result: yes
configure:4043: checking whether gcc accepts -g
configure:4064: gcc -c -g  conftest.c >&5
configure:4064: $? = 0
configure:4108: result: yes
configure:4128: checking for gcc option to enable C11 features
configure:4143: gcc  -c -g -O2  conftest.c >&5
configure:4143: $? = 0
configure:4161: result: none needed
configure:4277: checking whether gcc understands -c and -o together
configure:4300: gcc -c conftest.c -o conftest2.o
configure:4303: $? = 0
configure:4300: gcc -c conftest.c -o conftest2.o
configure:4303: $? = 0
configure:4315: result: yes
configure:4332: checking for a sed that does not truncate output
configure:4402: result: /usr/bin/sed
configure:4420: checking for grep that handles long lines and -e
configure:4484: result: /usr/bin/grep
configure:4489: checking for egrep
configure:4557: result: /usr/bin/grep -E
configure:4562: checking for fgrep
configure:4630: result: /usr/bin/grep -F
configure:4666: checking for ld used by gcc
configure:4734: result: /usr/bin/ld
configure:4741: checking if the linker (/usr/bin/ld) is GNU ld
configure:4757: result: yes
configure:4769: checking for BSD- or MS-compatible name lister (nm)
configure:4824: result: /usr/bin/nm -B
configure:4964: checking the name lister (/usr/bin/nm -B) interface
configure:4972: gcc -c -g -O2  conftest.c >&5
configure:4975: /usr/bin/nm -B "conftest.o"
configure:4978: output
0000000000000000 B some_variable
configure:4985: result: BSD nm
configure:4988: checking whether ln -s works
configure:4992: result: yes
configure:5000: checking the maximum length of command line arguments
configure:5132: result: 1572864
configure:5180: checking how to convert x86_64-pc-linux-gnu file names to x86_64-pc-linux-gnu format
configure:5221: result: func_convert_file_noop
configure:5228: checking how to convert x86_64-pc-linux-gnu file names to toolchain format
configure:5249: result: func_convert_file_noop
configure:5256: checking for /usr/bin/ld option to reload object files
configure:5264: result: -r
configure:5343: checking for objdump
configure:5364: found /usr/bin/objdump
configure:5375: result: objdump
configure:5407: checking how to recognize dependent libraries
configure:5608: result: pass_all
configure:5698: checking for dlltool
configure:5733: result: no
configure:5763: checking how to associate runtime and link libraries
configure:5791: result: printf %s\n
configure:5857: checking for ar
configure:5878: found /usr/bin/ar
configure:5889: result: ar
configure:5926: checking for archiver @FILE support
configure:5944: gcc -c -g -O2  conftest.c >&5
configure:5944: $? = 0
configure:5948: ar cr libconftest.a @conftest.lst >&5
configure:5951: $? = 0
configure:5956: ar cr libconftest.a @conftest.lst >&5
ar: conftest.o: No such file or directory
configure:5959: $? = 1
configure:5971: result: @
configure:6034: checking for strip
configure:6055: found /usr/bin/strip
configure:6066: result: strip
configure:6143: checking for ranlib
configure:6164: found /usr/bin/ranlib
configure:6175: result: ranlib
configure:6252: checking for gawk
configure:6287: result: no
configure:6252: checking for mawk
configure:6273: found /usr/bin/mawk
configure:6284: result: mawk
configure:6324: checking command to parse /usr/bin/nm -B output from gcc object
configure:6478: gcc -c -g -O2  conftest.c >&5
configure:6481: $? = 0
configure:6485: /usr/bin/nm -B conftest.o | sed -n -e 's/^.*[	 ]\([ABCDGIRSTW][ABCDGIRSTW]*\)[	 ][	 ]*\([_A-Za-z][_A-Za-z0-9]*\)$/\1 \2 \2/p' | sed '/ __gnu_lto/d' > conftest.nm
configure:6551: gcc -o conftest -g -O2   conftest.c conftstm.o >&5
configure:6554: $? = 0
configure:6592: result: ok
configure:6639: checking for sysroot
configure:6670: result: no
configure:6677: checking for a working dd
configure:6721: result: /usr/bin/dd
configure:6725: checking how to truncate binary pipes
configure:6741: result: /usr/bin/dd bs=4096 count=1
configure:6878: gcc -c -g -O2  conftest.c >&5
configure:6881: $? = 0
configure:7078: checking for mt
configure:7099: found /usr/bin/mt
configure:7110: result: mt
configure:7133: checking if mt is a manifest tool
configure:7140: mt '-?'
configure:7148: result: no
configure:7878: checking for stdio.h
configure:7878: gcc -c -g -O2  conftest.c >&5
configure:7878: $? = 0
configure:7878: result: yes
configure:7878: checking for stdlib.h
configure:7878: gcc -c -g -O2  conftest.c >&5
configure:7878: $? = 0
configure:7878: result: yes
configure:7878: checking for string.h
configure:7878: gcc -c -g -O2  conftest.c >&5
configure:7878: $? = 0
configure:7878: result: yes
configure:7878: checking for inttypes.h
configure:7878: gcc -c -g -O2  conftest.c >&5
configure:7878: $? = 0
configure:7878: result: yes
configure:7878: checking for stdint.h
configure:7878: gcc -c -g -O2  conftest.c >&5
configure:7878: $? = 0
configure:7878: result: yes
configure:7878: checking for strings.h
configure:7878: gcc -c -g -O2  conftest.c >&5
configure:7878: $? = 0
configure:7878: result: yes
configure:7878: checking for sys/stat.h
configure:7878: gcc -c -g -O2  conftest.c >&5
configure:7878: $? = 0
configure:7878: result: yes
configure:7878: checking for sys/types.h
configure:7878: gcc -c -g -O2  conftest.c >&5
configure:7878: $? = 0
configure:7878: result: yes
configure:7878: checking for unistd.h
configure:7878: gcc -c -g -O2  conftest.c >&5
configure:7878: $? = 0
configure:7878: result: yes
configure:7903: checking for dlfcn.h
configure:7903: gcc -c -g -O2  conftest.c >&5
configure:7903: $? = 0
configure:7903: result: yes
configure:8162: checking for objdir
configure:8178: result: .libs
configure:8442: checking if gcc supports -fno-rtti -fno-exceptions
configure:8461: gcc -c -g -O2  -fno-rtti -fno-exceptions conftest.c >&5
cc1: warning: command-line option '-fno-rtti' is valid for C++/D/ObjC++ but not for C
configure:8465: $? = 0
configure:8478: result: no
configure:8842: checking for gcc option to produce PIC
configure:8850: result: -fPIC -DPIC
configure:8858: checking if gcc PIC flag -fPIC -DPIC works
configure:8877: gcc -c -g -O2  -fPIC -DPIC -DPIC conftest.c >&5
configure:8881: $? = 0
configure:8894: result: yes
configure:8923: checking if gcc static flag -static works
configure:8952: result: yes
configure:8967: checking if gcc supports -c -o file.o
configure:8989: gcc -c -g -O2  -o out/conftest2.o conftest.c >&5
configure:8993: $? = 0
configure:9015: result: yes
configure:9023: checking if gcc supports -c -o file.o
configure:9071: result: yes
configure:9104: checking whether the gcc linker (/usr/bin/ld -m elf_x86_64) supports shared libraries
configure:10374: result: yes
configure:10411: checking whether -lc should be explicitly linked in
configure:10420: gcc -c -g -O2  conftest.c >&5
configure:10423: $? = 0
configure:10438: gcc -shared  -fPIC -DPIC conftest.o  -v -Wl,-soname -Wl,conftest -o conftest 2\>\&1 \| /usr/bin/grep  -lc  \>/dev/null 2\>\&1
configure:10441: $? = 0
configure:10455: result: no
configure:10615: checking dynamic linker characteristics
configure:11197: gcc -o conftest -g -O2   -Wl,-rpath -Wl,/foo conftest.c  >&5
configure:11197: $? = 0
configure:11448: result: GNU/Linux ld.so
configure:11570: checking how to hardcode library paths into programs
configure:11595: result: immediate
configure:12147: checking whether stripping libraries is possible
configure:12152: result: yes
configure:12187: checking if libtool supports shared libraries
configure:12189: result: yes
configure:12192: checking whether to build shared libraries
configure:12217: result: yes
configure:12220: checking whether to build static libraries
configure:12224: result: yes
configure:12278: checking for a BSD-compatible install
configure:12351: result: /usr/bin/install -c
configure:12362: checking whether build environment is sane
configure:12417: result: yes
configure:12572: checking for a race-free mkdir -p
configure:12616: result: /usr/bin/mkdir -p
configure:12619: checking whether make sets $(MAKE)
configure:12642: result: yes
configure:12664: checking whether make supports the include directive
configure:12679: make -f confmf.GNU && cat confinc.out
make[2]: Entering directory '/home/jbw/ota/sdiff-code_data/Figure9/xdelta3'
make[2]: Leaving directory '/home/jbw/ota/sdiff-code_data/Figure9/xdelta3'
this is the am__doit target
configure:12682: $? = 0
configure:12701: result: yes (GNU style)
configure:12736: checking whether make supports nested variables
configure:12754: result: yes
configure:12834: checking whether UID '1000' is supported by ustar format
configure:12837: result: yes
configure:12844: checking whether GID '1000' is supported by ustar format
configure:12847: result: yes
configure:12855: checking how to create a ustar tar archive
configure:12866: tar --version
tar (GNU tar) 1.34
Copyright (C) 2021 Free Software Foundation, Inc.
License GPLv3+: GNU GPL version 3 or later <https://gnu.org/licenses/gpl.html>.
This is free software: you are free to change and redistribute it.
There is NO WARRANTY, to the extent permitted by law.

Written by John Gilmore and Jay Fenlason.
configure:12869: $? = 0
configure:12909: tardir=conftest.dir && eval tar --format=ustar -chf - "$tardir" >conftest.tar
configure:12912: $? = 0
configure:12916: tar -xf - <conftest.tar
configure:12919: $? = 0
configure:12921: cat conftest.dir/file
GrepMe
configure:12924: $? = 0
configure:12938: result: gnutar
configure:12947: checking dependency style of gcc
configure:13059: result: gcc3
configure:13132: checking if pointers to integers require aligned access
configure:13164: gcc -o conftest -g -O2   conftest.c  >&5
conftest.c: In function 'main':
conftest.c:29:33: error: expected expression before '[' token
   29 |   for (i=0; i < 40; i++) string[[i]] = i;
      |                                 ^
configure:13164: $? = 1
configure: program exited with status 1
configure: failed program was:
| /* confdefs.h */
| #define PACKAGE_NAME "Xdelta3"
| #define PACKAGE_TARNAME "xdelta3"
| #define PACKAGE_VERSION "3.1.0"
| #define PACKAGE_STRING "Xdelta3 3.1.0"
| #define PACKAGE_BUGREPORT "josh.macdonald@gmail.com"
| #define PACKAGE_URL "http://xdelta.org/"
| #define HAVE_STDIO_H 1
| #define HAVE_STDLIB_H 1
| #define HAVE_STRING_H 1
| #define HAVE_INTTYPES_H 1
| #define HAVE_STDINT_H 1
| #define HAVE_STRINGS_H 1
| #define HAVE_SYS_STAT_H 1
| #define HAVE_SYS_TYPES_H 1
| #define HAVE_UNISTD_H 1
| #define STDC_HEADERS 1
| #define HAVE_DLFCN_H 1
| #define LT_OBJDIR ".libs/"
| /* end confdefs.h.  */
| 
| #include <stdio.h>
| #include <stdlib.h>
| 
| int main()
| {
|   char* string = malloc(40);
|   int i;
|   for (i=0; i < 40; i++) string[[i]] = i;
|   {
|      void* s = string;
|      int* p = s+1;
|      int* q = s+2;
| 
|      if (*p == *q) { return 1; }
|   }
|   return 0;
| }
| 
configure:13176: result: no
configure:13237: checking for gcc
configure:13269: result: gcc
configure:13622: checking for C compiler version
configure:13631: gcc --version >&5
gcc (Ubuntu 11.3.0-1ubuntu1~22.04) 11.3.0
Copyright (C) 2021 Free Software Foundation, Inc.
This is free software; see the source for copying conditions.  There is NO
warranty; not even for MERCHANTABILITY or FITNESS FOR A PARTICULAR PURPOSE.

configure:13642: $? = 0
configure:13631: gcc -v >&5
Using built-in specs.
COLLECT_GCC=gcc
COLLECT_LTO_WRAPPER=/usr/lib/gcc/x86_64-linux-gnu/11/lto-wrapper
OFFLOAD_TARGET_NAMES=nvptx-none:amdgcn-amdhsa
OFFLOAD_TARGET_DEFAULT=1
Target: x86_64-linux-gnu
Configured with: ../src/configure -v --with-pkgversion='Ubuntu 11.3.0-1ubuntu1~22.04' --with-bugurl=file:///usr/share/doc/gcc-11/README.Bugs --enable-languages=c,ada,c++,go,brig,d,fortran,objc,obj-c++,m2 --prefix=/usr --with-gcc-major-version-only --program-suffix=-11 --program-prefix=x86_64-linux-gnu- --enable-shared --enable-linker-build-id --libexecdir=/usr/lib --without-included-gettext --enable-threads=posix --libdir=/usr/lib --enable-nls --enable-bootstrap --enable-clocale=gnu --enable-libstdcxx-debug --enable-libstdcxx-time=yes --with-default-libstdcxx-abi=new --enable-gnu-unique-object --disable-vtable-verify --enable-plugin --enable-default-pie --with-system-zlib --enable-libphobos-checking=release --with-target-system-zlib=auto --enable-objc-gc=auto --enable-multiarch --disable-werror --enable-cet --with-arch-32=i686 --with-abi=m64 --with-multilib-list=m32,m64,mx32 --enable-multilib --with-tune=generic --enable-offload-targets=nvptx-none=/build/gcc-11-xKiWfi/gcc-11-11.3.0/debian/tmp-nvptx/usr,amdgcn-amdhsa=/build/gcc-11-xKiWfi/gcc-11-11.3.0/debian/tmp-gcn/usr --without-cuda-driver --enable-checking=release --build=x86_64-linux-gnu --host=x86_64-linux-gnu --target=x86_64-linux-gnu --with-build-config=bootstrap-lto-lean --enable-link-serialization=2
Thread model: posix
Supported LTO compression algorithms: zlib zstd
gcc version 11.3.0 (Ubuntu 11.3.0-1ubuntu1~22.04) 
... rest of stderr output deleted ...
configure:13642: $? = 0
configure:13631: gcc -V >&5
gcc: error: unrecognized command-line option '-V'
gcc: fatal error: no input files
compilation terminated.
configure:13642: $? = 1
configure:13631: gcc -qversion >&5
gcc: error: unrecognized command-line option '-qversion'; did you mean '--version'?
gcc: fatal error: no input files
compilation terminated.
configure:13642: $? = 1
configure:13631: gcc -version >&5
gcc: error: unrecognized command-line option '-version'
gcc: fatal error: no input files
compilation terminated.
configure:13642: $? = 1
configure:13646: checking whether the compiler supports GNU C
configure:13676: result: yes
configure:13687: checking whether gcc accepts -g
configure:13752: result: yes
configure:13772: checking for gcc option to enable C11 features
configure:13805: result: none needed
configure:13921: checking whether gcc understands -c and -o together
configure:13959: result: yes
configure:14045: checking for g++
configure:14066: found /usr/bin/g++
configure:14077: result: g++
configure:14104: checking for C++ compiler version
configure:14113: g++ --version >&5
g++ (Ubuntu 11.3.0-1ubuntu1~22.04) 11.3.0
Copyright (C) 2021 Free Software Foundation, Inc.
This is free software; see the source for copying conditions.  There is NO
warranty; not even for MERCHANTABILITY or FITNESS FOR A PARTICULAR PURPOSE.

configure:14124: $? = 0
configure:14113: g++ -v >&5
Using built-in specs.
COLLECT_GCC=g++
COLLECT_LTO_WRAPPER=/usr/lib/gcc/x86_64-linux-gnu/11/lto-wrapper
OFFLOAD_TARGET_NAMES=nvptx-none:amdgcn-amdhsa
OFFLOAD_TARGET_DEFAULT=1
Target: x86_64-linux-gnu
Configured with: ../src/configure -v --with-pkgversion='Ubuntu 11.3.0-1ubuntu1~22.04' --with-bugurl=file:///usr/share/doc/gcc-11/README.Bugs --enable-languages=c,ada,c++,go,brig,d,fortran,objc,obj-c++,m2 --prefix=/usr --with-gcc-major-version-only --program-suffix=-11 --program-prefix=x86_64-linux-gnu- --enable-shared --enable-linker-build-id --libexecdir=/usr/lib --without-included-gettext --enable-threads=posix --libdir=/usr/lib --enable-nls --enable-bootstrap --enable-clocale=gnu --enable-libstdcxx-debug --enable-libstdcxx-time=yes --with-default-libstdcxx-abi=new --enable-gnu-unique-object --disable-vtable-verify --enable-plugin --enable-default-pie --with-system-zlib --enable-libphobos-checking=release --with-target-system-zlib=auto --enable-objc-gc=auto --enable-multiarch --disable-werror --enable-cet --with-arch-32=i686 --with-abi=m64 --with-multilib-list=m32,m64,mx32 --enable-multilib --with-tune=generic --enable-offload-targets=nvptx-none=/build/gcc-11-xKiWfi/gcc-11-11.3.0/debian/tmp-nvptx/usr,amdgcn-amdhsa=/build/gcc-11-xKiWfi/gcc-11-11.3.0/debian/tmp-gcn/usr --without-cuda-driver --enable-checking=release --build=x86_64-linux-gnu --host=x86_64-linux-gnu --target=x86_64-linux-gnu --with-build-config=bootstrap-lto-lean --enable-link-serialization=2
Thread model: posix
Supported LTO compression algorithms: zlib zstd
gcc version 11.3.0 (Ubuntu 11.3.0-1ubuntu1~22.04) 
... rest of stderr output deleted ...
configure:14124: $? = 0
configure:14113: g++ -V >&5
g++: error: unrecognized command-line option '-V'
g++: fatal error: no input files
compilation terminated.
configure:14124: $? = 1
configure:14113: g++ -qversion >&5
g++: error: unrecognized command-line option '-qversion'; did you mean '--version'?
g++: fatal error: no input files
compilation terminated.
configure:14124: $? = 1
configure:14128: checking whether the compiler supports GNU C++
configure:14148: g++ -c   conftest.cpp >&5
configure:14148: $? = 0
configure:14158: result: yes
configure:14169: checking whether g++ accepts -g
configure:14190: g++ -c -g  conftest.cpp >&5
configure:14190: $? = 0
configure:14234: result: yes
configure:14254: checking for g++ option to enable C++11 features
configure:14269: g++  -c -g -O2  conftest.cpp >&5
conftest.cpp: In function 'int main(int, char**)':
conftest.cpp:187:25: warning: empty parentheses were disambiguated as a function declaration [-Wvexing-parse]
  187 |   cxx11test::delegate d2();
      |                         ^~
conftest.cpp:187:25: note: remove parentheses to default-initialize a variable
  187 |   cxx11test::delegate d2();
      |                         ^~
      |                         --
conftest.cpp:187:25: note: or replace parentheses with braces to value-initialize a variable
configure:14269: $? = 0
configure:14287: result: none needed
configure:14369: checking how to run the C++ preprocessor
configure:14391: g++ -E  conftest.cpp
configure:14391: $? = 0
configure:14406: g++ -E  conftest.cpp
conftest.cpp:21:10: fatal error: ac_nonexistent.h: No such file or directory
   21 | #include <ac_nonexistent.h>
      |          ^~~~~~~~~~~~~~~~~~
compilation terminated.
configure:14406: $? = 1
configure: failed program was:
| /* confdefs.h */
| #define PACKAGE_NAME "Xdelta3"
| #define PACKAGE_TARNAME "xdelta3"
| #define PACKAGE_VERSION "3.1.0"
| #define PACKAGE_STRING "Xdelta3 3.1.0"
| #define PACKAGE_BUGREPORT "josh.macdonald@gmail.com"
| #define PACKAGE_URL "http://xdelta.org/"
| #define HAVE_STDIO_H 1
| #define HAVE_STDLIB_H 1
| #define HAVE_STRING_H 1
| #define HAVE_INTTYPES_H 1
| #define HAVE_STDINT_H 1
| #define HAVE_STRINGS_H 1
| #define HAVE_SYS_STAT_H 1
| #define HAVE_SYS_TYPES_H 1
| #define HAVE_UNISTD_H 1
| #define STDC_HEADERS 1
| #define HAVE_DLFCN_H 1
| #define LT_OBJDIR ".libs/"
| /* end confdefs.h.  */
| #include <ac_nonexistent.h>
configure:14433: result: g++ -E
configure:14447: g++ -E  conftest.cpp
configure:14447: $? = 0
configure:14462: g++ -E  conftest.cpp
conftest.cpp:21:10: fatal error: ac_nonexistent.h: No such file or directory
   21 | #include <ac_nonexistent.h>
      |          ^~~~~~~~~~~~~~~~~~
compilation terminated.
configure:14462: $? = 1
configure: failed program was:
| /* confdefs.h */
| #define PACKAGE_NAME "Xdelta3"
| #define PACKAGE_TARNAME "xdelta3"
| #define PACKAGE_VERSION "3.1.0"
| #define PACKAGE_STRING "Xdelta3 3.1.0"
| #define PACKAGE_BUGREPORT "josh.macdonald@gmail.com"
| #define PACKAGE_URL "http://xdelta.org/"
| #define HAVE_STDIO_H 1
| #define HAVE_STDLIB_H 1
| #define HAVE_STRING_H 1
| #define HAVE_INTTYPES_H 1
| #define HAVE_STDINT_H 1
| #define HAVE_STRINGS_H 1
| #define HAVE_SYS_STAT_H 1
| #define HAVE_SYS_TYPES_H 1
| #define HAVE_UNISTD_H 1
| #define STDC_HEADERS 1
| #define HAVE_DLFCN_H 1
| #define LT_OBJDIR ".libs/"
| /* end confdefs.h.  */
| #include <ac_nonexistent.h>
configure:14627: checking for ld used by g++
configure:14695: result: /usr/bin/ld -m elf_x86_64
configure:14702: checking if the linker (/usr/bin/ld -m elf_x86_64) is GNU ld
configure:14718: result: yes
configure:14773: checking whether the g++ linker (/usr/bin/ld -m elf_x86_64) supports shared libraries
configure:15850: result: yes
configure:15886: g++ -c -g -O2  conftest.cpp >&5
configure:15889: $? = 0
configure:16370: checking for g++ option to produce PIC
configure:16378: result: -fPIC -DPIC
configure:16386: checking if g++ PIC flag -fPIC -DPIC works
configure:16405: g++ -c -g -O2  -fPIC -DPIC -DPIC conftest.cpp >&5
configure:16409: $? = 0
configure:16422: result: yes
configure:16445: checking if g++ static flag -static works
configure:16474: result: yes
configure:16486: checking if g++ supports -c -o file.o
configure:16508: g++ -c -g -O2  -o out/conftest2.o conftest.cpp >&5
configure:16512: $? = 0
configure:16534: result: yes
configure:16539: checking if g++ supports -c -o file.o
configure:16587: result: yes
configure:16617: checking whether the g++ linker (/usr/bin/ld -m elf_x86_64) supports shared libraries
configure:16660: result: yes
configure:16802: checking dynamic linker characteristics
configure:17562: result: GNU/Linux ld.so
configure:17627: checking how to hardcode library paths into programs
configure:17652: result: immediate
configure:17694: checking dependency style of g++
configure:17806: result: gcc3
configure:17826: checking size of size_t
configure:17832: gcc -o conftest -g -O2   conftest.c  >&5
configure:17832: $? = 0
configure:17832: ./conftest
configure:17832: $? = 0
configure:17847: result: 8
configure:17859: checking size of unsigned int
configure:17865: gcc -o conftest -g -O2   conftest.c  >&5
configure:17865: $? = 0
configure:17865: ./conftest
configure:17865: $? = 0
configure:17880: result: 4
configure:17892: checking size of unsigned long
configure:17898: gcc -o conftest -g -O2   conftest.c  >&5
configure:17898: $? = 0
configure:17898: ./conftest
configure:17898: $? = 0
configure:17913: result: 8
configure:17925: checking size of unsigned long long
configure:17931: gcc -o conftest -g -O2   conftest.c  >&5
configure:17931: $? = 0
configure:17931: ./conftest
configure:17931: $? = 0
configure:17946: result: 8
configure:17968: checking for lzma.h
configure:17968: gcc -c -g -O2  conftest.c >&5
configure:17968: $? = 0
configure:17968: result: yes
configure:17984: checking for lzma_easy_buffer_encode in -llzma
configure:18007: gcc -o conftest -g -O2   conftest.c -llzma   >&5
configure:18007: $? = 0
configure:18017: result: yes
configure:18166: checking that generated files are newer than configure
configure:18172: result: done
configure:18203: creating ./config.status

## ---------------- ##
## Cache variables. ##
## ---------------- ##

ac_cv_build=x86_64-pc-linux-gnu
ac_cv_c_compiler_gnu=yes
ac_cv_cxx_compiler_gnu=yes
ac_cv_env_CCC_set=
ac_cv_env_CCC_value=
ac_cv_env_CC_set=
ac_cv_env_CC_value=
ac_cv_env_CFLAGS_set=
ac_cv_env_CFLAGS_value=
ac_cv_env_CPPFLAGS_set=
ac_cv_env_CPPFLAGS_value=
ac_cv_env_CXXCPP_set=
ac_cv_env_CXXCPP_value=
ac_cv_env_CXXFLAGS_set=
ac_cv_env_CXXFLAGS_value=
ac_cv_env_CXX_set=
ac_cv_env_CXX_value=
ac_cv_env_LDFLAGS_set=
ac_cv_env_LDFLAGS_value=
ac_cv_env_LIBS_set=
ac_cv_env_LIBS_value=
ac_cv_env_LT_SYS_LIBRARY_PATH_set=
ac_cv_env_LT_SYS_LIBRARY_PATH_value=
ac_cv_env_build_alias_set=
ac_cv_env_build_alias_value=
ac_cv_env_host_alias_set=
ac_cv_env_host_alias_value=
ac_cv_env_target_alias_set=
ac_cv_env_target_alias_value=
ac_cv_header_dlfcn_h=yes
ac_cv_header_inttypes_h=yes
ac_cv_header_lzma_h=yes
ac_cv_header_stdint_h=yes
ac_cv_header_stdio_h=yes
ac_cv_header_stdlib_h=yes
ac_cv_header_string_h=yes
ac_cv_header_strings_h=yes
ac_cv_header_sys_stat_h=yes
ac_cv_header_sys_types_h=yes
ac_cv_header_unistd_h=yes
ac_cv_host=x86_64-pc-linux-gnu
ac_cv_lib_lzma_lzma_easy_buffer_encode=yes
ac_cv_objext=o
ac_cv_path_EGREP='/usr/bin/grep -E'
ac_cv_path_FGREP='/usr/bin/grep -F'
ac_cv_path_GREP=/usr/bin/grep
ac_cv_path_SED=/usr/bin/sed
ac_cv_path_install='/usr/bin/install -c'
ac_cv_path_lt_DD=/usr/bin/dd
ac_cv_path_mkdir=/usr/bin/mkdir
ac_cv_prog_AWK=mawk
ac_cv_prog_CXXCPP='g++ -E'
ac_cv_prog_ac_ct_AR=ar
ac_cv_prog_ac_ct_CC=gcc
ac_cv_prog_ac_ct_CXX=g++
ac_cv_prog_ac_ct_MANIFEST_TOOL=mt
ac_cv_prog_ac_ct_OBJDUMP=objdump
ac_cv_prog_ac_ct_RANLIB=ranlib
ac_cv_prog_ac_ct_STRIP=strip
ac_cv_prog_cc_c11=
ac_cv_prog_cc_g=yes
ac_cv_prog_cc_stdc=
ac_cv_prog_cxx_11=no
ac_cv_prog_cxx_cxx11=
ac_cv_prog_cxx_g=yes
ac_cv_prog_cxx_stdcxx=
ac_cv_prog_make_make_set=yes
ac_cv_sizeof_size_t=8
ac_cv_sizeof_unsigned_int=4
ac_cv_sizeof_unsigned_long=8
ac_cv_sizeof_unsigned_long_long=8
am_cv_CC_dependencies_compiler_type=gcc3
am_cv_CXX_dependencies_compiler_type=gcc3
am_cv_make_support_nested_variables=yes
am_cv_prog_cc_c_o=yes
am_cv_prog_tar_ustar=gnutar
ax_cv_have_aligned_access_required=no
lt_cv_ar_at_file=@
lt_cv_archive_cmds_need_lc=no
lt_cv_deplibs_check_method=pass_all
lt_cv_file_magic_cmd='$MAGIC_CMD'
lt_cv_file_magic_test_file=
lt_cv_ld_reload_flag=-r
lt_cv_nm_interface='BSD nm'
lt_cv_objdir=.libs
lt_cv_path_LD=/usr/bin/ld
lt_cv_path_LDCXX='/usr/bin/ld -m elf_x86_64'
lt_cv_path_NM='/usr/bin/nm -B'
lt_cv_path_mainfest_tool=no
lt_cv_prog_compiler_c_o=yes
lt_cv_prog_compiler_c_o_CXX=yes
lt_cv_prog_compiler_pic='-fPIC -DPIC'
lt_cv_prog_compiler_pic_CXX='-fPIC -DPIC'
lt_cv_prog_compiler_pic_works=yes
lt_cv_prog_compiler_pic_works_CXX=yes
lt_cv_prog_compiler_rtti_exceptions=no
lt_cv_prog_compiler_static_works=yes
lt_cv_prog_compiler_static_works_CXX=yes
lt_cv_prog_gnu_ld=yes
lt_cv_prog_gnu_ldcxx=yes
lt_cv_sharedlib_from_linklib_cmd='printf %s\n'
lt_cv_shlibpath_overrides_runpath=yes
lt_cv_sys_global_symbol_pipe='sed -n -e '\''s/^.*[	 ]\([ABCDGIRSTW][ABCDGIRSTW]*\)[	 ][	 ]*\([_A-Za-z][_A-Za-z0-9]*\)$/\1 \2 \2/p'\'' | sed '\''/ __gnu_lto/d'\'''
lt_cv_sys_global_symbol_to_c_name_address='sed -n -e '\''s/^: \(.*\) .*$/  {"\1", (void *) 0},/p'\'' -e '\''s/^[ABCDGIRSTW][ABCDGIRSTW]* .* \(.*\)$/  {"\1", (void *) \&\1},/p'\'''
lt_cv_sys_global_symbol_to_c_name_address_lib_prefix='sed -n -e '\''s/^: \(.*\) .*$/  {"\1", (void *) 0},/p'\'' -e '\''s/^[ABCDGIRSTW][ABCDGIRSTW]* .* \(lib.*\)$/  {"\1", (void *) \&\1},/p'\'' -e '\''s/^[ABCDGIRSTW][ABCDGIRSTW]* .* \(.*\)$/  {"lib\1", (void *) \&\1},/p'\'''
lt_cv_sys_global_symbol_to_cdecl='sed -n -e '\''s/^T .* \(.*\)$/extern int \1();/p'\'' -e '\''s/^[ABCDGIRSTW][ABCDGIRSTW]* .* \(.*\)$/extern char \1;/p'\'''
lt_cv_sys_global_symbol_to_import=
lt_cv_sys_max_cmd_len=1572864
lt_cv_to_host_file_cmd=func_convert_file_noop
lt_cv_to_tool_file_cmd=func_convert_file_noop
lt_cv_truncate_bin='/usr/bin/dd bs=4096 count=1'

## ----------------- ##
## Output variables. ##
## ----------------- ##

ACLOCAL='${SHELL} '\''/home/jbw/ota/sdiff-code_data/Figure9/xdelta3/missing'\'' aclocal-1.16'
AMDEPBACKSLASH='\'
AMDEP_FALSE='#'
AMDEP_TRUE=''
AMTAR='$${TAR-tar}'
AM_BACKSLASH='\'
AM_DEFAULT_V='$(AM_DEFAULT_VERBOSITY)'
AM_DEFAULT_VERBOSITY='1'
AM_V='$(V)'
AR='ar'
AUTOCONF='${SHELL} '\''/home/jbw/ota/sdiff-code_data/Figure9/xdelta3/missing'\'' autoconf'
AUTOHEADER='${SHELL} '\''/home/jbw/ota/sdiff-code_data/Figure9/xdelta3/missing'\'' autoheader'
AUTOMAKE='${SHELL} '\''/home/jbw/ota/sdiff-code_data/Figure9/xdelta3/missing'\'' automake-1.16'
AWK='mawk'
CC='gcc'
CCDEPMODE='depmode=gcc3'
CFLAGS='-g -O2'
CPPFLAGS=''
CSCOPE='cscope'
CTAGS='ctags'
CXX='g++'
CXXCPP='g++ -E'
CXXDEPMODE='depmode=gcc3'
CXXFLAGS='-g -O2'
CYGPATH_W='echo'
DEBUG_SYMBOLS_FALSE=''
DEBUG_SYMBOLS_TRUE='#'
DEFS='-DHAVE_CONFIG_H'
DEPDIR='.deps'
DLLTOOL='false'
DSYMUTIL=''
DUMPBIN=''
ECHO_C=''
ECHO_N='-n'
ECHO_T=''
EGREP='/usr/bin/grep -E'
ETAGS='etags'
EXEEXT=''
FGREP='/usr/bin/grep -F'
GREP='/usr/bin/grep'
INSTALL_DATA='${INSTALL} -m 644'
INSTALL_PROGRAM='${INSTALL}'
INSTALL_SCRIPT='${INSTALL}'
INSTALL_STRIP_PROGRAM='$(install_sh) -c -s'
LD='/usr/bin/ld -m elf_x86_64'
LDFLAGS=''
LIBOBJS=''
LIBS='-llzma '
LIBTOOL='$(SHELL) $(top_builddir)/libtool'
LIPO=''
LN_S='ln -s'
LTLIBOBJS=''
LT_SYS_LIBRARY_PATH=''
MAKEINFO='${SHELL} '\''/home/jbw/ota/sdiff-code_data/Figure9/xdelta3/missing'\'' makeinfo'
MANIFEST_TOOL=':'
MKDIR_P='/usr/bin/mkdir -p'
NM='/usr/bin/nm -B'
NMEDIT=''
OBJDUMP='objdump'
OBJEXT='o'
OTOOL64=''
OTOOL=''
PACKAGE='xdelta3'
PACKAGE_BUGREPORT='josh.macdonald@gmail.com'
PACKAGE_NAME='Xdelta3'
PACKAGE_STRING='Xdelta3 3.1.0'
PACKAGE_TARNAME='xdelta3'
PACKAGE_URL='http://xdelta.org/'
PACKAGE_VERSION='3.1.0'
PATH_SEPARATOR=':'
RANLIB='ranlib'
SED='/usr/bin/sed'
SET_MAKE=''
SHELL='/bin/bash'
STRIP='strip'
VERSION='3.1.0'
ac_ct_AR='ar'
ac_ct_CC='gcc'
ac_ct_CXX='g++'
ac_ct_DUMPBIN=''
am__EXEEXT_FALSE=''
am__EXEEXT_TRUE='#'
am__fastdepCC_FALSE='#'
am__fastdepCC_TRUE=''
am__fastdepCXX_FALSE='#'
am__fastdepCXX_TRUE=''
am__include='include'
am__isrc=''
am__leading_dot='.'
am__nodep='_no'
am__quote=''
am__tar='tar --format=ustar -chf - "$$tardir"'
am__untar='tar -xf -'
bindir='${exec_prefix}/bin'
build='x86_64-pc-linux-gnu'
build_alias=''
build_cpu='x86_64'
build_os='linux-gnu'
build_vendor='pc'
datadir='${datarootdir}'
datarootdir='${prefix}/share'
docdir='${datarootdir}/doc/${PACKAGE_TARNAME}'
dvidir='${docdir}'
exec_prefix='${prefix}'
host='x86_64-pc-linux-gnu'
host_alias=''
host_cpu='x86_64'
host_os='linux-gnu'
host_vendor='pc'
htmldir='${docdir}'
includedir='${prefix}/include'
infodir='${datarootdir}/info'
install_sh='${SHELL} /home/jbw/ota/sdiff-code_data/Figure9/xdelta3/install-sh'
libdir='${exec_prefix}/lib'
libexecdir='${exec_prefix}/libexec'
localedir='${datarootdir}/locale'
localstatedir='${prefix}/var'
mandir='${datarootdir}/man'
mkdir_p='$(MKDIR_P)'
oldincludedir='/usr/include'
pdfdir='${docdir}'
prefix='/usr/local'
program_transform_name='s,x,x,'
psdir='${docdir}'
runstatedir='${localstatedir}/run'
sbindir='${exec_prefix}/sbin'
sharedstatedir='${prefix}/com'
sysconfdir='${prefix}/etc'
target_alias=''

## ----------- ##
## confdefs.h. ##
## ----------- ##

/* confdefs.h */
#define PACKAGE_NAME "Xdelta3"
#define PACKAGE_TARNAME "xdelta3"
#define PACKAGE_VERSION "3.1.0"
#define PACKAGE_STRING "Xdelta3 3.1.0"
#define PACKAGE_BUGREPORT "josh.macdonald@gmail.com"
#define PACKAGE_URL "http://xdelta.org/"
#define HAVE_STDIO_H 1
#define HAVE_STDLIB_H 1
#define HAVE_STRING_H 1
#define HAVE_INTTYPES_H 1
#define HAVE_STDINT_H 1
#define HAVE_STRINGS_H 1
#define HAVE_SYS_STAT_H 1
#define HAVE_SYS_TYPES_H 1
#define HAVE_UNISTD_H 1
#define STDC_HEADERS 1
#define HAVE_DLFCN_H 1
#define LT_OBJDIR ".libs/"
#define SIZEOF_SIZE_T 8
#define SIZEOF_UNSIGNED_INT 4
#define SIZEOF_UNSIGNED_LONG 8
#define SIZEOF_UNSIGNED_LONG_LONG 8
#define HAVE_LZMA_H 1
#define HAVE_LIBLZMA 1

configure: exit 0

## ---------------------- ##
## Running config.status. ##
## ---------------------- ##

This file was extended by Xdelta3 config.status 3.1.0, which was
generated by GNU Autoconf 2.71.  Invocation command line was

  CONFIG_FILES    = 
  CONFIG_HEADERS  = 
  CONFIG_LINKS    = 
  CONFIG_COMMANDS = 
  $ ./config.status 

on mathildada

config.status:1149: creating Makefile
config.status:1149: creating config.h
config.status:1330: config.h is unchanged
config.status:1378: executing libtool commands
config.status:1378: executing depfiles commands
config.status:2165: cd .       && sed -e '/# am--include-marker/d' Makefile         | make -f - am--depfiles
make[2]: Entering directory '/home/jbw/ota/sdiff-code_data/Figure9/xdelta3'
make[2]: Leaving directory '/home/jbw/ota/sdiff-code_data/Figure9/xdelta3'
config.status:2170: $? = 0
